<?xml version="1.0" encoding="UTF-8"?>
<testsuite xmlns:xsi="http://www.w3.org/2001/XMLSchema-instance" xsi:noNamespaceSchemaLocation="https://maven.apache.org/surefire/maven-surefire-plugin/xsd/surefire-test-report-3.0.xsd" version="3.0" name="testRunner.TestRunner" time="116.054" tests="4" errors="0" skipped="0" failures="1">
  <properties>
[...]
</properties>
  <testcase name="runScenario[&quot;Add procduct to cart&quot;, &quot;Add product to cart&quot;](1)" classname="testRunner.TestRunner" time="27.303">
    <system-out><![CDATA[
@smoke
Scenario Outline: Add procduct to cart                              # src/test/java/Features/AddToCart.feature:12
Scenario Name: Add procduct to cart
  ✔ And login to application as "deepak1223@gmail.com" and "Deepak" # stepDefinition.AddtoCart.loginToApplicationAsAnd(java.lang.String,java.lang.String)
Scenario Name: Add procduct to cart
  ✔ And Navigate to product and Search as "Men Tshirt"              # stepDefinition.AddtoCart.navigateToProductAndSearchAs(java.lang.String)
Scenario Name: Add procduct to cart
  ✔ When User should add the product to cart                        # stepDefinition.AddtoCart.userShouldAddTheProductToCart()
Scenario Name: Add procduct to cart
Product validation successful
2026-07-23T09:52:53.139332400Z main ERROR Log4j API could not find a logging provider.
lastrownum: 2
lastcellnum: 3
TC001
Men Tshirt
2
TC002
Blue Top
1
  ✔ Then verify product added to cart "Men Tshirt"                  # stepDefinition.AddtoCart.verifyProductAddedToCart(java.lang.String)
Result: PASSED
]]></system-out>
    <system-err><![CDATA[SLF4J(W): No SLF4J providers were found.
SLF4J(W): Defaulting to no-operation (NOP) logger implementation
SLF4J(W): See https://www.slf4j.org/codes.html#noProviders for further details.
Jul 23, 2026 3:22:29 PM org.openqa.selenium.devtools.CdpVersionFinder findNearestMatch
WARNING: Unable to find an exact match for CDP version 149, returning the closest version; found: 147; Please update to a Selenium version that supports CDP version 149
]]></system-err>
  </testcase>
  <testcase name="runScenario[&quot;Add procduct to cart&quot;, &quot;Add product to cart&quot;](2)" classname="testRunner.TestRunner" time="63.869">
    <failure message="element click intercepted: Element &lt;a href=&quot;/product_details/2&quot; style=&quot;color: brown;&quot;&gt;...&lt;/a&gt; is not clickable at point (626, 655). Other element would receive the click: &lt;iframe id=&quot;aswift_3&quot; name=&quot;aswift_3&quot; style=&quot;min-height: auto; max-height: none; min-width: auto; max-width: none; width: 728px !important; height: 90px !important; display: block; margin: 0px auto;&quot; sandbox=&quot;allow-forms allow-popups allow-popups-to-escape-sandbox allow-same-origin allow-scripts allow-top-navigation-by-user-activation&quot; width=&quot;728&quot; height=&quot;90&quot; frameborder=&quot;0&quot; marginwidth=&quot;0&quot; marginheight=&quot;0&quot; vspace=&quot;0&quot; hspace=&quot;0&quot; allowtransparency=&quot;true&quot; scrolling=&quot;no&quot; allow=&quot;attribution-reporting; run-ad-auction&quot; src=&quot;https://googleads.g.doubleclick.net/pagead/html/r20260721/r20190131/zrt_lookup_fy2021.html#RS-0-&amp;amp;adk=1812271801&amp;amp;client=ca-pub-1677597403311019&amp;amp;fa=1&amp;amp;ifi=4&amp;amp;uci=a!4&amp;amp;btvi=3&quot; data-google-container-id=&quot;a!4&quot; tabindex=&quot;0&quot; title=&quot;Advertisement&quot; aria-label=&quot;Advertisement&quot; data-google-query-id=&quot;CImw5MrD6JUDFX8kewcd2Rwodg&quot; data-load-complete=&quot;true&quot;&gt;&lt;/iframe&gt;&#10;  (Session info: chrome=149.0.7827.196)&#10;Build info: version: &apos;4.43.0&apos;, revision: &apos;dd0f534&apos;&#10;System info: os.name: &apos;Windows 11&apos;, os.arch: &apos;amd64&apos;, os.version: &apos;10.0&apos;, java.version: &apos;21.0.12&apos;&#10;Driver info: org.openqa.selenium.chrome.ChromeDriver&#10;Command: [befd35153ae471089360bfe3247e57bd, clickElement {id=f.58956FFC594E9A892661C676226AB8F1.d.CE9E235E0A241A6794BAE43BE48AC762.e.309}]&#10;Capabilities {acceptInsecureCerts: false, browserName: chrome, browserVersion: 149.0.7827.196, chrome: {chromedriverVersion: 149.0.7827.155 (07b52360cc1..., userDataDir: C:\Users\deepa\AppData\Loca...}, fedcm:accounts: true, goog:chromeOptions: {debuggerAddress: localhost:54607}, goog:processID: 68944, networkConnectionEnabled: false, pageLoadStrategy: normal, platformName: windows, proxy: Proxy(), se:cdp: ws://localhost:54607/devtoo..., se:cdpVersion: 149.0.7827.196, setWindowRect: true, strictFileInteractability: false, timeouts: {implicit: 0, pageLoad: 300000, script: 30000}, unhandledPromptBehavior: dismiss and notify, webauthn:extension:credBlob: true, webauthn:extension:largeBlob: true, webauthn:extension:minPinLength: true, webauthn:extension:prf: true, webauthn:virtualAuthenticators: true}&#10;Element: [[ChromeDriver: chrome on windows (befd35153ae471089360bfe3247e57bd)] -&gt; xpath: (//a[contains(text(),&apos;View Product&apos;)])[1]]&#10;Session ID: befd35153ae471089360bfe3247e57bd" type="org.openqa.selenium.ElementClickInterceptedException"><![CDATA[org.openqa.selenium.ElementClickInterceptedException: 
element click intercepted: Element <a href="/product_details/2" style="color: brown;">...</a> is not clickable at point (626, 655). Other element would receive the click: <iframe id="aswift_3" name="aswift_3" style="min-height: auto; max-height: none; min-width: auto; max-width: none; width: 728px !important; height: 90px !important; display: block; margin: 0px auto;" sandbox="allow-forms allow-popups allow-popups-to-escape-sandbox allow-same-origin allow-scripts allow-top-navigation-by-user-activation" width="728" height="90" frameborder="0" marginwidth="0" marginheight="0" vspace="0" hspace="0" allowtransparency="true" scrolling="no" allow="attribution-reporting; run-ad-auction" src="https://googleads.g.doubleclick.net/pagead/html/r20260721/r20190131/zrt_lookup_fy2021.html#RS-0-&amp;adk=1812271801&amp;client=ca-pub-1677597403311019&amp;fa=1&amp;ifi=4&amp;uci=a!4&amp;btvi=3" data-google-container-id="a!4" tabindex="0" title="Advertisement" aria-label="Advertisement" data-google-query-id="CImw5MrD6JUDFX8kewcd2Rwodg" data-load-complete="true"></iframe>
  (Session info: chrome=149.0.7827.196)
Build info: version: '4.43.0', revision: 'dd0f534'
System info: os.name: 'Windows 11', os.arch: 'amd64', os.version: '10.0', java.version: '21.0.12'
Driver info: org.openqa.selenium.chrome.ChromeDriver
Command: [befd35153ae471089360bfe3247e57bd, clickElement {id=f.58956FFC594E9A892661C676226AB8F1.d.CE9E235E0A241A6794BAE43BE48AC762.e.309}]
Capabilities {acceptInsecureCerts: false, browserName: chrome, browserVersion: 149.0.7827.196, chrome: {chromedriverVersion: 149.0.7827.155 (07b52360cc1..., userDataDir: C:\Users\deepa\AppData\Loca...}, fedcm:accounts: true, goog:chromeOptions: {debuggerAddress: localhost:54607}, goog:processID: 68944, networkConnectionEnabled: false, pageLoadStrategy: normal, platformName: windows, proxy: Proxy(), se:cdp: ws://localhost:54607/devtoo..., se:cdpVersion: 149.0.7827.196, setWindowRect: true, strictFileInteractability: false, timeouts: {implicit: 0, pageLoad: 300000, script: 30000}, unhandledPromptBehavior: dismiss and notify, webauthn:extension:credBlob: true, webauthn:extension:largeBlob: true, webauthn:extension:minPinLength: true, webauthn:extension:prf: true, webauthn:virtualAuthenticators: true}
Element: [[ChromeDriver: chrome on windows (befd35153ae471089360bfe3247e57bd)] -> xpath: (//a[contains(text(),'View Product')])[1]]
Session ID: befd35153ae471089360bfe3247e57bd
	at org.openqa.selenium.remote.ErrorCodec.decode(ErrorCodec.java:169)
	at org.openqa.selenium.remote.codec.w3c.W3CHttpResponseCodec.decode(W3CHttpResponseCodec.java:142)
	at org.openqa.selenium.remote.codec.w3c.W3CHttpResponseCodec.decode(W3CHttpResponseCodec.java:49)
	at org.openqa.selenium.remote.HttpCommandExecutor.execute(HttpCommandExecutor.java:223)
	at org.openqa.selenium.remote.service.DriverCommandExecutor.invokeExecute(DriverCommandExecutor.java:216)
	at org.openqa.selenium.remote.service.DriverCommandExecutor.execute(DriverCommandExecutor.java:174)
	at org.openqa.selenium.remote.RemoteWebDriver.execute(RemoteWebDriver.java:606)
	at org.openqa.selenium.remote.RemoteWebElement.execute(RemoteWebElement.java:223)
	at org.openqa.selenium.remote.RemoteWebElement.click(RemoteWebElement.java:76)
	at java.base/jdk.internal.reflect.DirectMethodHandleAccessor.invoke(DirectMethodHandleAccessor.java:103)
	at java.base/java.lang.reflect.Method.invoke(Method.java:580)
	at org.openqa.selenium.support.pagefactory.internal.LocatingElementHandler.invoke(LocatingElementHandler.java:51)
	at jdk.proxy2/jdk.proxy2.$Proxy27.click(Unknown Source)
	at pageObjects.ProductsPage_Elements.viewproduct(ProductsPage_Elements.java:51)
	at stepDefinition.AddtoCart.userShouldAddTheProductToCart(AddtoCart.java:53)
	at ✽.User should add the product to cart(file:///C:/Users/deepa/eclipse-workspace/CucumberARTID/src/test/java/Features/AddToCart.feature:7)
]]></failure>
    <system-out><![CDATA[
@smoke
Scenario Outline: Add procduct to cart                              # src/test/java/Features/AddToCart.feature:13
Scenario Name: Add procduct to cart
  ✔ And login to application as "deepak1223@gmail.com" and "Deepak" # stepDefinition.AddtoCart.loginToApplicationAsAnd(java.lang.String,java.lang.String)
Scenario Name: Add procduct to cart
  ✔ And Navigate to product and Search as "Tshirt"                  # stepDefinition.AddtoCart.navigateToProductAndSearchAs(java.lang.String)
Scenario Name: Add procduct to cart
  ✘ When User should add the product to cart                        # stepDefinition.AddtoCart.userShouldAddTheProductToCart()
        org.openqa.selenium.ElementClickInterceptedException: element click intercepted: Element <a href="/product_details/2" style="color: brown;">...</a> is not clickable at point (626, 655). Other element would receive the click: <iframe id="aswift_3" name="aswift_3" style="min-height: auto; max-height: none; min-width: auto; max-width: none; width: 728px !important; height: 90px !important; display: block; margin: 0px auto;" sandbox="allow-forms allow-popups allow-popups-to-escape-sandbox allow-same-origin allow-scripts allow-top-navigation-by-user-activation" width="728" height="90" frameborder="0" marginwidth="0" marginheight="0" vspace="0" hspace="0" allowtransparency="true" scrolling="no" allow="attribution-reporting; run-ad-auction" src="https://googleads.g.doubleclick.net/pagead/html/r20260721/r20190131/zrt_lookup_fy2021.html#RS-0-&amp;adk=1812271801&amp;client=ca-pub-1677597403311019&amp;fa=1&amp;ifi=4&amp;uci=a!4&amp;btvi=3" data-google-container-id="a!4" tabindex="0" title="Advertisement" aria-label="Advertisement" data-google-query-id="CImw5MrD6JUDFX8kewcd2Rwodg" data-load-complete="true"></iframe>
          (Session info: chrome=149.0.7827.196)
        Build info: version: '4.43.0', revision: 'dd0f534'
        System info: os.name: 'Windows 11', os.arch: 'amd64', os.version: '10.0', java.version: '21.0.12'
        Driver info: org.openqa.selenium.chrome.ChromeDriver
        Command: [befd35153ae471089360bfe3247e57bd, clickElement {id=f.58956FFC594E9A892661C676226AB8F1.d.CE9E235E0A241A6794BAE43BE48AC762.e.309}]
        Capabilities {acceptInsecureCerts: false, browserName: chrome, browserVersion: 149.0.7827.196, chrome: {chromedriverVersion: 149.0.7827.155 (07b52360cc1..., userDataDir: C:\Users\deepa\AppData\Loca...}, fedcm:accounts: true, goog:chromeOptions: {debuggerAddress: localhost:54607}, goog:processID: 68944, networkConnectionEnabled: false, pageLoadStrategy: normal, platformName: windows, proxy: Proxy(), se:cdp: ws://localhost:54607/devtoo..., se:cdpVersion: 149.0.7827.196, setWindowRect: true, strictFileInteractability: false, timeouts: {implicit: 0, pageLoad: 300000, script: 30000}, unhandledPromptBehavior: dismiss and notify, webauthn:extension:credBlob: true, webauthn:extension:largeBlob: true, webauthn:extension:minPinLength: true, webauthn:extension:prf: true, webauthn:virtualAuthenticators: true}
        Element: [[ChromeDriver: chrome on windows (befd35153ae471089360bfe3247e57bd)] -> xpath: (//a[contains(text(),'View Product')])[1]]
        Session ID: befd35153ae471089360bfe3247e57bd
        	at org.openqa.selenium.remote.ErrorCodec.decode(ErrorCodec.java:169)
        	at org.openqa.selenium.remote.codec.w3c.W3CHttpResponseCodec.decode(W3CHttpResponseCodec.java:142)
        	at org.openqa.selenium.remote.codec.w3c.W3CHttpResponseCodec.decode(W3CHttpResponseCodec.java:49)
        	at org.openqa.selenium.remote.HttpCommandExecutor.execute(HttpCommandExecutor.java:223)
        	at org.openqa.selenium.remote.service.DriverCommandExecutor.invokeExecute(DriverCommandExecutor.java:216)
        	at org.openqa.selenium.remote.service.DriverCommandExecutor.execute(DriverCommandExecutor.java:174)
        	at org.openqa.selenium.remote.RemoteWebDriver.execute(RemoteWebDriver.java:606)
        	at org.openqa.selenium.remote.RemoteWebElement.execute(RemoteWebElement.java:223)
        	at org.openqa.selenium.remote.RemoteWebElement.click(RemoteWebElement.java:76)
        	at java.base/jdk.internal.reflect.DirectMethodHandleAccessor.invoke(DirectMethodHandleAccessor.java:103)
        	at java.base/java.lang.reflect.Method.invoke(Method.java:580)
        	at org.openqa.selenium.support.pagefactory.internal.LocatingElementHandler.invoke(LocatingElementHandler.java:51)
        	at jdk.proxy2/jdk.proxy2.$Proxy27.click(Unknown Source)
        	at pageObjects.ProductsPage_Elements.viewproduct(ProductsPage_Elements.java:51)
        	at stepDefinition.AddtoCart.userShouldAddTheProductToCart(AddtoCart.java:53)
        	at ✽.User should add the product to cart(file:///C:/Users/deepa/eclipse-workspace/CucumberARTID/src/test/java/Features/AddToCart.feature:7)
  ↷ Then verify product added to cart "Tshirt"                      # stepDefinition.AddtoCart.verifyProductAddedToCart(java.lang.String)

        Embedding Screenshot [image/png 537411 bytes]

Result: FAILED
]]></system-out>
    <system-err><![CDATA[Jul 23, 2026 3:22:55 PM org.openqa.selenium.devtools.CdpVersionFinder findNearestMatch
WARNING: Unable to find an exact match for CDP version 149, returning the closest version; found: 147; Please update to a Selenium version that supports CDP version 149
]]></system-err>
  </testcase>
  <testcase name="runScenario[&quot;Login should be success&quot;, &quot;Login to application with valid and invalid credentials&quot;](3)" classname="testRunner.TestRunner" time="11.989">
    <system-out><![CDATA[
Scenario: Login should be success                          # src/test/java/Features/login.feature:7
Scenario Name: Login should be success
  ✔ And user clicks on login link                          # stepDefinition.Loginpage.userClicksOnLoginLink()
Scenario Name: Login should be success
  ✔ And user enters the username as "deepak1223@gmail.com" # stepDefinition.Loginpage.userEntersTheUsernameAs(java.lang.String)
Scenario Name: Login should be success
  ✔ And user enters the password as "Deepak"               # stepDefinition.Loginpage.userEntersThePasswordAs(java.lang.String)
Scenario Name: Login should be success
  ✔ When user clicks the login button                      # stepDefinition.Loginpage.userClicksTheLoginButton()
Scenario Name: Login should be success
deepak
  ✔ Then login should be success                           # stepDefinition.Loginpage.loginShouldBeSuccess()
Result: PASSED
]]></system-out>
    <system-err><![CDATA[Jul 23, 2026 3:23:59 PM org.openqa.selenium.devtools.CdpVersionFinder findNearestMatch
WARNING: Unable to find an exact match for CDP version 149, returning the closest version; found: 147; Please update to a Selenium version that supports CDP version 149
]]></system-err>
  </testcase>
  <testcase name="runScenario[&quot;Login should be fail&quot;, &quot;Login to application with valid and invalid credentials&quot;](4)" classname="testRunner.TestRunner" time="10.522">
    <system-out><![CDATA[
@smoke
Scenario: Login should be fail                              # src/test/java/Features/login.feature:13
Scenario Name: Login should be fail
  ✔ And user clicks on login link                           # stepDefinition.Loginpage.userClicksOnLoginLink()
Scenario Name: Login should be fail
  ✔ And user enters the username as "deepak12243@gmail.com" # stepDefinition.Loginpage.userEntersTheUsernameAs(java.lang.String)
Scenario Name: Login should be fail
  ✔ And user enters the password as "Deepak123"             # stepDefinition.Loginpage.userEntersThePasswordAs(java.lang.String)
Scenario Name: Login should be fail
  ✔ When user clicks the login button                       # stepDefinition.Loginpage.userClicksTheLoginButton()
Scenario Name: Login should be fail
  ✔ But login should be fail                                # stepDefinition.Loginpage.loginShouldBeFail()
Result: PASSED
]]></system-out>
    <system-err><![CDATA[Jul 23, 2026 3:24:11 PM org.openqa.selenium.devtools.CdpVersionFinder findNearestMatch
WARNING: Unable to find an exact match for CDP version 149, returning the closest version; found: 147; Please update to a Selenium version that supports CDP version 149
]]></system-err>
  </testcase>
</testsuite>