<?xml version="1.0" encoding="UTF-8"?>
<!-- Generated by org.testng.reporters.JUnitReportReporter -->
<testsuite hostname="Deepak" failures="1" tests="4" name="testRunner.Runner" time="47.134" errors="0" timestamp="2026-07-15T11:48:59 IST" skipped="0">
  <testcase classname="testRunner.Runner" name="runScenario" time="16.488"/>
  <testcase classname="testRunner.Runner" name="runScenario" time="17.868">
    <failure message="expected [Tshirt] but found [Men Tshirt]" type="java.lang.AssertionError">
      <![CDATA[java.lang.AssertionError: expected [Tshirt] but found [Men Tshirt]
at org.testng.Assert.fail(Assert.java:111)
at org.testng.Assert.failNotEquals(Assert.java:1590)
at org.testng.Assert.assertEqualsImpl(Assert.java:150)
at org.testng.Assert.assertEquals(Assert.java:132)
at org.testng.Assert.assertEquals(Assert.java:656)
at org.testng.Assert.assertEquals(Assert.java:666)
at stepDefinition.AddtoCart.verifyProductAddedToCart(AddtoCart.java:65)
at ✽.verify product added to cart "Tshirt"(file:///C:/Users/deepa/eclipse-workspace/CucumberARTID/src/test/java/Features/AddToCart.feature:8)
]]>
    </failure>
  </testcase> <!-- runScenario -->
  <testcase classname="testRunner.Runner" name="runScenario" time="6.887"/>
  <testcase classname="testRunner.Runner" name="runScenario" time="5.891"/>
</testsuite> <!-- testRunner.Runner -->
