<?xml version="1.0" encoding="UTF-8"?>
<!-- Generated by org.testng.reporters.JUnitReportReporter -->
<testsuite hostname="Deepak" failures="0" tests="4" name="testRunner.Runner" time="137.780" errors="2" timestamp="2026-07-23T14:07:34 IST" skipped="0">
  <testcase classname="testRunner.Runner" name="runScenario" time="58.504">
    <error message="element click intercepted: Element &lt;a href=&quot;/product_details/2&quot; style=&quot;color: brown;&quot;&gt;...&lt;/a&gt; is not clickable at point (626, 655). Other element would receive the click: &lt;iframe id=&quot;aswift_3&quot; name=&quot;aswift_3&quot; style=&quot;min-height: auto; max-height: none; min-width: auto; max-width: none; width: 728px !important; height: 90px !important; display: block; margin: 0px auto;&quot; sandbox=&quot;allow-forms allow-popups allow-popups-to-escape-sandbox allow-same-origin allow-scripts allow-top-navigation-by-user-activation&quot; width=&quot;728&quot; height=&quot;90&quot; frameborder=&quot;0&quot; marginwidth=&quot;0&quot; marginheight=&quot;0&quot; vspace=&quot;0&quot; hspace=&quot;0&quot; allowtransparency=&quot;true&quot; scrolling=&quot;no&quot; allow=&quot;attribution-reporting; run-ad-auction&quot; src=&quot;https://googleads.g.doubleclick.net/pagead/html/r20260721/r20190131/zrt_lookup_fy2021.html#RS-0-&amp;amp;adk=1812271801&amp;amp;client=ca-pub-1677597403311019&amp;amp;fa=1&amp;amp;ifi=4&amp;amp;uci=a!4&amp;amp;btvi=3&quot; data-google-container-id=&quot;a!4&quot; tabindex=&quot;0&quot; title=&quot;Advertisement&quot; aria-label=&quot;Advertisement&quot; data-google-query-id=&quot;CJOZ3pqy6JUDFTLHGwAdGvsZFw&quot; data-load-complete=&quot;true&quot;&gt;&lt;/iframe&gt;
  (Session info: chrome=149.0.7827.196)
Build info: version: &#039;4.43.0&#039;, revision: &#039;dd0f534&#039;
System info: os.name: &#039;Windows 11&#039;, os.arch: &#039;amd64&#039;, os.version: &#039;10.0&#039;, java.version: &#039;17.0.12&#039;
Driver info: org.openqa.selenium.chrome.ChromeDriver
Command: [85801c08a333a33f12b68b92e1367efd, clickElement {id=f.8E9138810C1A2706F3588E1A6A5059AE.d.4E68DA9A3E226930BCB7E1B27C834E15.e.271}]
Capabilities {acceptInsecureCerts: false, browserName: chrome, browserVersion: 149.0.7827.196, chrome: {chromedriverVersion: 149.0.7827.155 (07b52360cc1..., userDataDir: C:\Users\deepa\AppData\Loca...}, fedcm:accounts: true, goog:chromeOptions: {debuggerAddress: localhost:52382}, goog:processID: 54180, networkConnectionEnabled: false, pageLoadStrategy: normal, platformName: windows, proxy: Proxy(), se:cdp: ws://localhost:52382/devtoo..., se:cdpVersion: 149.0.7827.196, setWindowRect: true, strictFileInteractability: false, timeouts: {implicit: 0, pageLoad: 300000, script: 30000}, unhandledPromptBehavior: dismiss and notify, webauthn:extension:credBlob: true, webauthn:extension:largeBlob: true, webauthn:extension:minPinLength: true, webauthn:extension:prf: true, webauthn:virtualAuthenticators: true}
Element: [[ChromeDriver: chrome on windows (85801c08a333a33f12b68b92e1367efd)] -&gt; xpath: (//a[contains(text(),&#039;View Product&#039;)])[1]]
Session ID: 85801c08a333a33f12b68b92e1367efd" type="org.openqa.selenium.ElementClickInterceptedException">
      <![CDATA[org.openqa.selenium.ElementClickInterceptedException: element click intercepted: Element <a href="/product_details/2" style="color: brown;">...</a> is not clickable at point (626, 655). Other element would receive the click: <iframe id="aswift_3" name="aswift_3" style="min-height: auto; max-height: none; min-width: auto; max-width: none; width: 728px !important; height: 90px !important; display: block; margin: 0px auto;" sandbox="allow-forms allow-popups allow-popups-to-escape-sandbox allow-same-origin allow-scripts allow-top-navigation-by-user-activation" width="728" height="90" frameborder="0" marginwidth="0" marginheight="0" vspace="0" hspace="0" allowtransparency="true" scrolling="no" allow="attribution-reporting; run-ad-auction" src="https://googleads.g.doubleclick.net/pagead/html/r20260721/r20190131/zrt_lookup_fy2021.html#RS-0-&amp;adk=1812271801&amp;client=ca-pub-1677597403311019&amp;fa=1&amp;ifi=4&amp;uci=a!4&amp;btvi=3" data-google-container-id="a!4" tabindex="0" title="Advertisement" aria-label="Advertisement" data-google-query-id="CJOZ3pqy6JUDFTLHGwAdGvsZFw" data-load-complete="true"></iframe>
  (Session info: chrome=149.0.7827.196)
Build info: version: '4.43.0', revision: 'dd0f534'
System info: os.name: 'Windows 11', os.arch: 'amd64', os.version: '10.0', java.version: '17.0.12'
Driver info: org.openqa.selenium.chrome.ChromeDriver
Command: [85801c08a333a33f12b68b92e1367efd, clickElement {id=f.8E9138810C1A2706F3588E1A6A5059AE.d.4E68DA9A3E226930BCB7E1B27C834E15.e.271}]
Capabilities {acceptInsecureCerts: false, browserName: chrome, browserVersion: 149.0.7827.196, chrome: {chromedriverVersion: 149.0.7827.155 (07b52360cc1..., userDataDir: C:\Users\deepa\AppData\Loca...}, fedcm:accounts: true, goog:chromeOptions: {debuggerAddress: localhost:52382}, goog:processID: 54180, networkConnectionEnabled: false, pageLoadStrategy: normal, platformName: windows, proxy: Proxy(), se:cdp: ws://localhost:52382/devtoo..., se:cdpVersion: 149.0.7827.196, setWindowRect: true, strictFileInteractability: false, timeouts: {implicit: 0, pageLoad: 300000, script: 30000}, unhandledPromptBehavior: dismiss and notify, webauthn:extension:credBlob: true, webauthn:extension:largeBlob: true, webauthn:extension:minPinLength: true, webauthn:extension:prf: true, webauthn:virtualAuthenticators: true}
Element: [[ChromeDriver: chrome on windows (85801c08a333a33f12b68b92e1367efd)] -> xpath: (//a[contains(text(),'View Product')])[1]]
Session ID: 85801c08a333a33f12b68b92e1367efd
at org.openqa.selenium.remote.ErrorCodec.decode(ErrorCodec.java:169)
at org.openqa.selenium.remote.codec.w3c.W3CHttpResponseCodec.decode(W3CHttpResponseCodec.java:142)
at org.openqa.selenium.remote.codec.w3c.W3CHttpResponseCodec.decode(W3CHttpResponseCodec.java:49)
at org.openqa.selenium.remote.HttpCommandExecutor.execute(HttpCommandExecutor.java:223)
at org.openqa.selenium.remote.service.DriverCommandExecutor.invokeExecute(DriverCommandExecutor.java:216)
at org.openqa.selenium.remote.service.DriverCommandExecutor.execute(DriverCommandExecutor.java:174)
at org.openqa.selenium.remote.RemoteWebDriver.execute(RemoteWebDriver.java:606)
at org.openqa.selenium.remote.RemoteWebElement.execute(RemoteWebElement.java:223)
at org.openqa.selenium.remote.RemoteWebElement.click(RemoteWebElement.java:76)
at java.base/jdk.internal.reflect.NativeMethodAccessorImpl.invoke0(Native Method)
at java.base/jdk.internal.reflect.NativeMethodAccessorImpl.invoke(NativeMethodAccessorImpl.java:77)
at java.base/jdk.internal.reflect.DelegatingMethodAccessorImpl.invoke(DelegatingMethodAccessorImpl.java:43)
at java.base/java.lang.reflect.Method.invoke(Method.java:568)
at org.openqa.selenium.support.pagefactory.internal.LocatingElementHandler.invoke(LocatingElementHandler.java:51)
at jdk.proxy2/jdk.proxy2.$Proxy30.click(Unknown Source)
at pageObjects.ProductsPage_Elements.viewproduct(ProductsPage_Elements.java:51)
at stepDefinition.AddtoCart.userShouldAddTheProductToCart(AddtoCart.java:53)
at ✽.User should add the product to cart(file:///C:/Users/deepa/eclipse-workspace/CucumberARTID/src/test/java/Features/AddToCart.feature:7)
]]>
    </error>
  </testcase> <!-- runScenario -->
  <testcase classname="testRunner.Runner" name="runScenario" time="8.727"/>
  <testcase classname="testRunner.Runner" name="runScenario" time="6.802"/>
  <testcase classname="testRunner.Runner" name="runScenario" time="63.747">
    <error message="element click intercepted: Element &lt;a href=&quot;/product_details/2&quot; style=&quot;color: brown;&quot;&gt;...&lt;/a&gt; is not clickable at point (626, 655). Other element would receive the click: &lt;iframe id=&quot;aswift_3&quot; name=&quot;aswift_3&quot; style=&quot;min-height: auto; max-height: none; min-width: auto; max-width: none; width: 728px !important; height: 90px !important; display: block; margin: 0px auto;&quot; sandbox=&quot;allow-forms allow-popups allow-popups-to-escape-sandbox allow-same-origin allow-scripts allow-top-navigation-by-user-activation&quot; width=&quot;728&quot; height=&quot;90&quot; frameborder=&quot;0&quot; marginwidth=&quot;0&quot; marginheight=&quot;0&quot; vspace=&quot;0&quot; hspace=&quot;0&quot; allowtransparency=&quot;true&quot; scrolling=&quot;no&quot; allow=&quot;attribution-reporting; run-ad-auction&quot; src=&quot;https://googleads.g.doubleclick.net/pagead/html/r20260721/r20190131/zrt_lookup_fy2021.html#RS-0-&amp;amp;adk=1812271801&amp;amp;client=ca-pub-1677597403311019&amp;amp;fa=1&amp;amp;ifi=4&amp;amp;uci=a!4&amp;amp;btvi=3&quot; data-google-container-id=&quot;a!4&quot; tabindex=&quot;0&quot; title=&quot;Advertisement&quot; aria-label=&quot;Advertisement&quot; data-google-query-id=&quot;COa3sLmy6JUDFceVRgQd8hkICg&quot; data-load-complete=&quot;true&quot;&gt;&lt;/iframe&gt;
  (Session info: chrome=149.0.7827.196)
Build info: version: &#039;4.43.0&#039;, revision: &#039;dd0f534&#039;
System info: os.name: &#039;Windows 11&#039;, os.arch: &#039;amd64&#039;, os.version: &#039;10.0&#039;, java.version: &#039;17.0.12&#039;
Driver info: org.openqa.selenium.chrome.ChromeDriver
Command: [a328ff2e79e2cc7cd60421adb432335b, clickElement {id=f.47882D9CAA2469F15CC485A65D0BEBEB.d.24ABC9A66994A55952E30B122C8C0395.e.1120}]
Capabilities {acceptInsecureCerts: false, browserName: chrome, browserVersion: 149.0.7827.196, chrome: {chromedriverVersion: 149.0.7827.155 (07b52360cc1..., userDataDir: C:\Users\deepa\AppData\Loca...}, fedcm:accounts: true, goog:chromeOptions: {debuggerAddress: localhost:52018}, goog:processID: 56196, networkConnectionEnabled: false, pageLoadStrategy: normal, platformName: windows, proxy: Proxy(), se:cdp: ws://localhost:52018/devtoo..., se:cdpVersion: 149.0.7827.196, setWindowRect: true, strictFileInteractability: false, timeouts: {implicit: 0, pageLoad: 300000, script: 30000}, unhandledPromptBehavior: dismiss and notify, webauthn:extension:credBlob: true, webauthn:extension:largeBlob: true, webauthn:extension:minPinLength: true, webauthn:extension:prf: true, webauthn:virtualAuthenticators: true}
Element: [[ChromeDriver: chrome on windows (a328ff2e79e2cc7cd60421adb432335b)] -&gt; xpath: (//a[contains(text(),&#039;View Product&#039;)])[1]]
Session ID: a328ff2e79e2cc7cd60421adb432335b" type="org.openqa.selenium.ElementClickInterceptedException">
      <![CDATA[org.openqa.selenium.ElementClickInterceptedException: element click intercepted: Element <a href="/product_details/2" style="color: brown;">...</a> is not clickable at point (626, 655). Other element would receive the click: <iframe id="aswift_3" name="aswift_3" style="min-height: auto; max-height: none; min-width: auto; max-width: none; width: 728px !important; height: 90px !important; display: block; margin: 0px auto;" sandbox="allow-forms allow-popups allow-popups-to-escape-sandbox allow-same-origin allow-scripts allow-top-navigation-by-user-activation" width="728" height="90" frameborder="0" marginwidth="0" marginheight="0" vspace="0" hspace="0" allowtransparency="true" scrolling="no" allow="attribution-reporting; run-ad-auction" src="https://googleads.g.doubleclick.net/pagead/html/r20260721/r20190131/zrt_lookup_fy2021.html#RS-0-&amp;adk=1812271801&amp;client=ca-pub-1677597403311019&amp;fa=1&amp;ifi=4&amp;uci=a!4&amp;btvi=3" data-google-container-id="a!4" tabindex="0" title="Advertisement" aria-label="Advertisement" data-google-query-id="COa3sLmy6JUDFceVRgQd8hkICg" data-load-complete="true"></iframe>
  (Session info: chrome=149.0.7827.196)
Build info: version: '4.43.0', revision: 'dd0f534'
System info: os.name: 'Windows 11', os.arch: 'amd64', os.version: '10.0', java.version: '17.0.12'
Driver info: org.openqa.selenium.chrome.ChromeDriver
Command: [a328ff2e79e2cc7cd60421adb432335b, clickElement {id=f.47882D9CAA2469F15CC485A65D0BEBEB.d.24ABC9A66994A55952E30B122C8C0395.e.1120}]
Capabilities {acceptInsecureCerts: false, browserName: chrome, browserVersion: 149.0.7827.196, chrome: {chromedriverVersion: 149.0.7827.155 (07b52360cc1..., userDataDir: C:\Users\deepa\AppData\Loca...}, fedcm:accounts: true, goog:chromeOptions: {debuggerAddress: localhost:52018}, goog:processID: 56196, networkConnectionEnabled: false, pageLoadStrategy: normal, platformName: windows, proxy: Proxy(), se:cdp: ws://localhost:52018/devtoo..., se:cdpVersion: 149.0.7827.196, setWindowRect: true, strictFileInteractability: false, timeouts: {implicit: 0, pageLoad: 300000, script: 30000}, unhandledPromptBehavior: dismiss and notify, webauthn:extension:credBlob: true, webauthn:extension:largeBlob: true, webauthn:extension:minPinLength: true, webauthn:extension:prf: true, webauthn:virtualAuthenticators: true}
Element: [[ChromeDriver: chrome on windows (a328ff2e79e2cc7cd60421adb432335b)] -> xpath: (//a[contains(text(),'View Product')])[1]]
Session ID: a328ff2e79e2cc7cd60421adb432335b
at org.openqa.selenium.remote.ErrorCodec.decode(ErrorCodec.java:169)
at org.openqa.selenium.remote.codec.w3c.W3CHttpResponseCodec.decode(W3CHttpResponseCodec.java:142)
at org.openqa.selenium.remote.codec.w3c.W3CHttpResponseCodec.decode(W3CHttpResponseCodec.java:49)
at org.openqa.selenium.remote.HttpCommandExecutor.execute(HttpCommandExecutor.java:223)
at org.openqa.selenium.remote.service.DriverCommandExecutor.invokeExecute(DriverCommandExecutor.java:216)
at org.openqa.selenium.remote.service.DriverCommandExecutor.execute(DriverCommandExecutor.java:174)
at org.openqa.selenium.remote.RemoteWebDriver.execute(RemoteWebDriver.java:606)
at org.openqa.selenium.remote.RemoteWebElement.execute(RemoteWebElement.java:223)
at org.openqa.selenium.remote.RemoteWebElement.click(RemoteWebElement.java:76)
at java.base/jdk.internal.reflect.NativeMethodAccessorImpl.invoke0(Native Method)
at java.base/jdk.internal.reflect.NativeMethodAccessorImpl.invoke(NativeMethodAccessorImpl.java:77)
at java.base/jdk.internal.reflect.DelegatingMethodAccessorImpl.invoke(DelegatingMethodAccessorImpl.java:43)
at java.base/java.lang.reflect.Method.invoke(Method.java:568)
at org.openqa.selenium.support.pagefactory.internal.LocatingElementHandler.invoke(LocatingElementHandler.java:51)
at jdk.proxy2/jdk.proxy2.$Proxy30.click(Unknown Source)
at pageObjects.ProductsPage_Elements.viewproduct(ProductsPage_Elements.java:51)
at stepDefinition.AddtoCart.userShouldAddTheProductToCart(AddtoCart.java:53)
at ✽.User should add the product to cart(file:///C:/Users/deepa/eclipse-workspace/CucumberARTID/src/test/java/Features/AddToCart.feature:7)
]]>
    </error>
  </testcase> <!-- runScenario -->
</testsuite> <!-- testRunner.Runner -->
